

Message              : A user's local group membership was enumerated.
                       
                       Subject:
                       	Security ID:		S-1-5-18
                       	Account Name:		GHOST$
                       	Account Domain:		WORKGROUP
                       	Logon ID:		0x3E7
                       
                       User:
                       	Security ID:		S-1-5-21-3006092012-1088155439-3030358282-1001
                       	Account Name:		aniru
                       	Account Domain:		GHOST
                       
                       Process Information:
                       	Process ID:		0x6cdc
                       	Process Name:		C:\Windows\System32\LogonUI.exe
Id                   : 4798
Version              : 0
Qualifiers           : 
Level                : 0
Task                 : 13824
Opcode               : 0
Keywords             : -9214364837600034816
RecordId             : 1492487
ProviderName         : Microsoft-Windows-Security-Auditing
ProviderId           : 54849625-5478-4994-a5ba-3e3b0328c30d
LogName              : Security
ProcessId            : 1368
ThreadId             : 4568
MachineName          : Ghost
UserId               : 
TimeCreated          : 07-06-2024 12.12.19 AM
ActivityId           : 29cb2356-b74e-0006-bb23-cb294eb7da01
RelatedActivityId    : 
ContainerLog         : Security
MatchedQueryIds      : {}
Bookmark             : System.Diagnostics.Eventing.Reader.EventBookmark
LevelDisplayName     : Information
OpcodeDisplayName    : Info
TaskDisplayName      : User Account Management
KeywordsDisplayNames : {Audit Success}
Properties           : {System.Diagnostics.Eventing.Reader.EventProperty, 
                       System.Diagnostics.Eventing.Reader.EventProperty, 
                       System.Diagnostics.Eventing.Reader.EventProperty, 
                       System.Diagnostics.Eventing.Reader.EventProperty...}









Message              : An account failed to log on.
                       
                       Subject:
                       	Security ID:		S-1-5-18
                       	Account Name:		GHOST$
                       	Account Domain:		WORKGROUP
                       	Logon ID:		0x3E7
                       
                       Logon Type:			2
                       
                       Account For Which Logon Failed:
                       	Security ID:		S-1-0-0
                       	Account Name:		-
                       	Account Domain:		-
                       
                       Failure Information:
                       	Failure Reason:		An Error occured during Logon.
                       	Status:			0xC000006D
                       	Sub Status:		0xC0000380
                       
                       Process Information:
                       	Caller Process ID:	0x8c8
                       	Caller Process Name:	C:\Windows\System32\svchost.exe
                       
                       Network Information:
                       	Workstation Name:	-
                       	Source Network Address:	127.0.0.1
                       	Source Port:		0
                       
                       Detailed Authentication Information:
                       	Logon Process:		User32 
                       	Authentication Package:	Negotiate
                       	Transited Services:	-
                       	Package Name (NTLM only):	-
                       	Key Length:		0
                       
                       This event is generated when a logon request fails. It is generated on the computer where 
                       access was attempted.
                       
                       The Subject fields indicate the account on the local system which requested the logon. This is 
                       most commonly a service such as the Server service, or a local process such as Winlogon.exe or 
                       Services.exe.
                       
                       The Logon Type field indicates the kind of logon that was requested. The most common types are 
                       2 (interactive) and 3 (network).
                       
                       The Process Information fields indicate which account and process on the system requested the 
                       logon.
                       
                       The Network Information fields indicate where a remote logon request originated. Workstation 
                       name is not always available and may be left blank in some cases.
                       
                       The authentication information fields provide detailed information about this specific logon 
                       request.
                       	- Transited services indicate which intermediate services have participated in this logon 
                       request.
                       	- Package name indicates which sub-protocol was used among the NTLM protocols.
                       	- Key length indicates the length of the generated session key. This will be 0 if no session 
                       key was requested.
Id                   : 4625
Version              : 0
Qualifiers           : 
Level                : 0
Task                 : 12544
Opcode               : 0
Keywords             : -9218868437227405312
RecordId             : 1492490
ProviderName         : Microsoft-Windows-Security-Auditing
ProviderId           : 54849625-5478-4994-a5ba-3e3b0328c30d
LogName              : Security
ProcessId            : 1368
ThreadId             : 4568
MachineName          : Ghost
UserId               : 
TimeCreated          : 07-06-2024 12.12.21 AM
ActivityId           : 29cb2356-b74e-0006-bb23-cb294eb7da01
RelatedActivityId    : 
ContainerLog         : Security
MatchedQueryIds      : {}
Bookmark             : System.Diagnostics.Eventing.Reader.EventBookmark
LevelDisplayName     : Information
OpcodeDisplayName    : Info
TaskDisplayName      : Logon
KeywordsDisplayNames : {Audit Failure}
Properties           : {System.Diagnostics.Eventing.Reader.EventProperty, 
                       System.Diagnostics.Eventing.Reader.EventProperty, 
                       System.Diagnostics.Eventing.Reader.EventProperty, 
                       System.Diagnostics.Eventing.Reader.EventProperty...}









Message              : An account was logged off.
                       
                       Subject:
                       	Security ID:		S-1-5-18
                       	Account Name:		SYSTEM
                       	Account Domain:		NT AUTHORITY
                       	Logon ID:		0xC593B23
                       
                       Logon Type:			9
                       
                       This event is generated when a logon session is destroyed. It may be positively correlated with 
                       a logon event using the Logon ID value. Logon IDs are only unique between reboots on the same 
                       computer.
Id                   : 4634
Version              : 0
Qualifiers           : 
Level                : 0
Task                 : 12545
Opcode               : 0
Keywords             : -9214364837600034816
RecordId             : 1492511
ProviderName         : Microsoft-Windows-Security-Auditing
ProviderId           : 54849625-5478-4994-a5ba-3e3b0328c30d
LogName              : Security
ProcessId            : 1368
ThreadId             : 14872
MachineName          : Ghost
UserId               : 
TimeCreated          : 07-06-2024 12.12.34 AM
ActivityId           : 29cb2356-b74e-0006-bb23-cb294eb7da01
RelatedActivityId    : 
ContainerLog         : Security
MatchedQueryIds      : {}
Bookmark             : System.Diagnostics.Eventing.Reader.EventBookmark
LevelDisplayName     : Information
OpcodeDisplayName    : Info
TaskDisplayName      : Logoff
KeywordsDisplayNames : {Audit Success}
Properties           : {System.Diagnostics.Eventing.Reader.EventProperty, 
                       System.Diagnostics.Eventing.Reader.EventProperty, 
                       System.Diagnostics.Eventing.Reader.EventProperty, 
                       System.Diagnostics.Eventing.Reader.EventProperty...}









Message              : An account was logged off.
                       
                       Subject:
                       	Security ID:		S-1-5-18
                       	Account Name:		SYSTEM
                       	Account Domain:		NT AUTHORITY
                       	Logon ID:		0xC593B23
                       
                       Logon Type:			9
                       
                       This event is generated when a logon session is destroyed. It may be positively correlated with 
                       a logon event using the Logon ID value. Logon IDs are only unique between reboots on the same 
                       computer.
Id                   : 4634
Version              : 0
Qualifiers           : 
Level                : 0
Task                 : 12545
Opcode               : 0
Keywords             : -9214364837600034816
RecordId             : 1492511
ProviderName         : Microsoft-Windows-Security-Auditing
ProviderId           : 54849625-5478-4994-a5ba-3e3b0328c30d
LogName              : Security
ProcessId            : 1368
ThreadId             : 14872
MachineName          : Ghost
UserId               : 
TimeCreated          : 07-06-2024 12.12.34 AM
ActivityId           : 29cb2356-b74e-0006-bb23-cb294eb7da01
RelatedActivityId    : 
ContainerLog         : Security
MatchedQueryIds      : {}
Bookmark             : System.Diagnostics.Eventing.Reader.EventBookmark
LevelDisplayName     : Information
OpcodeDisplayName    : Info
TaskDisplayName      : Logoff
KeywordsDisplayNames : {Audit Success}
Properties           : {System.Diagnostics.Eventing.Reader.EventProperty, 
                       System.Diagnostics.Eventing.Reader.EventProperty, 
                       System.Diagnostics.Eventing.Reader.EventProperty, 
                       System.Diagnostics.Eventing.Reader.EventProperty...}









Message              : Special privileges assigned to new logon.
                       
                       Subject:
                       	Security ID:		S-1-5-18
                       	Account Name:		SYSTEM
                       	Account Domain:		NT AUTHORITY
                       	Logon ID:		0x3E7
                       
                       Privileges:		SeAssignPrimaryTokenPrivilege
                       			SeTcbPrivilege
                       			SeSecurityPrivilege
                       			SeTakeOwnershipPrivilege
                       			SeLoadDriverPrivilege
                       			SeBackupPrivilege
                       			SeRestorePrivilege
                       			SeDebugPrivilege
                       			SeAuditPrivilege
                       			SeSystemEnvironmentPrivilege
                       			SeImpersonatePrivilege
                       			SeDelegateSessionUserImpersonatePrivilege
Id                   : 4672
Version              : 0
Qualifiers           : 
Level                : 0
Task                 : 12548
Opcode               : 0
Keywords             : -9214364837600034816
RecordId             : 1492518
ProviderName         : Microsoft-Windows-Security-Auditing
ProviderId           : 54849625-5478-4994-a5ba-3e3b0328c30d
LogName              : Security
ProcessId            : 1368
ThreadId             : 7108
MachineName          : Ghost
UserId               : 
TimeCreated          : 07-06-2024 12.13.51 AM
ActivityId           : 29cb2356-b74e-0006-bb23-cb294eb7da01
RelatedActivityId    : 
ContainerLog         : Security
MatchedQueryIds      : {}
Bookmark             : System.Diagnostics.Eventing.Reader.EventBookmark
LevelDisplayName     : Information
OpcodeDisplayName    : Info
TaskDisplayName      : Special Logon
KeywordsDisplayNames : {Audit Success}
Properties           : {System.Diagnostics.Eventing.Reader.EventProperty, 
                       System.Diagnostics.Eventing.Reader.EventProperty, 
                       System.Diagnostics.Eventing.Reader.EventProperty, 
                       System.Diagnostics.Eventing.Reader.EventProperty...}









Message              : A user's local group membership was enumerated.
                       
                       Subject:
                       	Security ID:		S-1-5-18
                       	Account Name:		GHOST$
                       	Account Domain:		WORKGROUP
                       	Logon ID:		0x3E7
                       
                       User:
                       	Security ID:		S-1-5-21-3006092012-1088155439-3030358282-1001
                       	Account Name:		aniru
                       	Account Domain:		GHOST
                       
                       Process Information:
                       	Process ID:		0x608c
                       	Process Name:		C:\Windows\System32\LogonUI.exe
Id                   : 4798
Version              : 0
Qualifiers           : 
Level                : 0
Task                 : 13824
Opcode               : 0
Keywords             : -9214364837600034816
RecordId             : 1492519
ProviderName         : Microsoft-Windows-Security-Auditing
ProviderId           : 54849625-5478-4994-a5ba-3e3b0328c30d
LogName              : Security
ProcessId            : 1368
ThreadId             : 7108
MachineName          : Ghost
UserId               : 
TimeCreated          : 07-06-2024 12.13.53 AM
ActivityId           : 29cb2356-b74e-0006-bb23-cb294eb7da01
RelatedActivityId    : 
ContainerLog         : Security
MatchedQueryIds      : {}
Bookmark             : System.Diagnostics.Eventing.Reader.EventBookmark
LevelDisplayName     : Information
OpcodeDisplayName    : Info
TaskDisplayName      : User Account Management
KeywordsDisplayNames : {Audit Success}
Properties           : {System.Diagnostics.Eventing.Reader.EventProperty, 
                       System.Diagnostics.Eventing.Reader.EventProperty, 
                       System.Diagnostics.Eventing.Reader.EventProperty, 
                       System.Diagnostics.Eventing.Reader.EventProperty...}









Message              : A user's local group membership was enumerated.
                       
                       Subject:
                       	Security ID:		S-1-5-18
                       	Account Name:		GHOST$
                       	Account Domain:		WORKGROUP
                       	Logon ID:		0x3E7
                       
                       User:
                       	Security ID:		S-1-5-21-3006092012-1088155439-3030358282-1001
                       	Account Name:		aniru
                       	Account Domain:		GHOST
                       
                       Process Information:
                       	Process ID:		0x608c
                       	Process Name:		C:\Windows\System32\LogonUI.exe
Id                   : 4798
Version              : 0
Qualifiers           : 
Level                : 0
Task                 : 13824
Opcode               : 0
Keywords             : -9214364837600034816
RecordId             : 1492519
ProviderName         : Microsoft-Windows-Security-Auditing
ProviderId           : 54849625-5478-4994-a5ba-3e3b0328c30d
LogName              : Security
ProcessId            : 1368
ThreadId             : 7108
MachineName          : Ghost
UserId               : 
TimeCreated          : 07-06-2024 12.13.53 AM
ActivityId           : 29cb2356-b74e-0006-bb23-cb294eb7da01
RelatedActivityId    : 
ContainerLog         : Security
MatchedQueryIds      : {}
Bookmark             : System.Diagnostics.Eventing.Reader.EventBookmark
LevelDisplayName     : Information
OpcodeDisplayName    : Info
TaskDisplayName      : User Account Management
KeywordsDisplayNames : {Audit Success}
Properties           : {System.Diagnostics.Eventing.Reader.EventProperty, 
                       System.Diagnostics.Eventing.Reader.EventProperty, 
                       System.Diagnostics.Eventing.Reader.EventProperty, 
                       System.Diagnostics.Eventing.Reader.EventProperty...}









Message              : An account failed to log on.
                       
                       Subject:
                       	Security ID:		S-1-5-18
                       	Account Name:		GHOST$
                       	Account Domain:		WORKGROUP
                       	Logon ID:		0x3E7
                       
                       Logon Type:			2
                       
                       Account For Which Logon Failed:
                       	Security ID:		S-1-0-0
                       	Account Name:		-
                       	Account Domain:		-
                       
                       Failure Information:
                       	Failure Reason:		An Error occured during Logon.
                       	Status:			0xC000006D
                       	Sub Status:		0xC0000380
                       
                       Process Information:
                       	Caller Process ID:	0x8c8
                       	Caller Process Name:	C:\Windows\System32\svchost.exe
                       
                       Network Information:
                       	Workstation Name:	-
                       	Source Network Address:	127.0.0.1
                       	Source Port:		0
                       
                       Detailed Authentication Information:
                       	Logon Process:		User32 
                       	Authentication Package:	Negotiate
                       	Transited Services:	-
                       	Package Name (NTLM only):	-
                       	Key Length:		0
                       
                       This event is generated when a logon request fails. It is generated on the computer where 
                       access was attempted.
                       
                       The Subject fields indicate the account on the local system which requested the logon. This is 
                       most commonly a service such as the Server service, or a local process such as Winlogon.exe or 
                       Services.exe.
                       
                       The Logon Type field indicates the kind of logon that was requested. The most common types are 
                       2 (interactive) and 3 (network).
                       
                       The Process Information fields indicate which account and process on the system requested the 
                       logon.
                       
                       The Network Information fields indicate where a remote logon request originated. Workstation 
                       name is not always available and may be left blank in some cases.
                       
                       The authentication information fields provide detailed information about this specific logon 
                       request.
                       	- Transited services indicate which intermediate services have participated in this logon 
                       request.
                       	- Package name indicates which sub-protocol was used among the NTLM protocols.
                       	- Key length indicates the length of the generated session key. This will be 0 if no session 
                       key was requested.
Id                   : 4625
Version              : 0
Qualifiers           : 
Level                : 0
Task                 : 12544
Opcode               : 0
Keywords             : -9218868437227405312
RecordId             : 1492522
ProviderName         : Microsoft-Windows-Security-Auditing
ProviderId           : 54849625-5478-4994-a5ba-3e3b0328c30d
LogName              : Security
ProcessId            : 1368
ThreadId             : 7108
MachineName          : Ghost
UserId               : 
TimeCreated          : 07-06-2024 12.13.55 AM
ActivityId           : 29cb2356-b74e-0006-bb23-cb294eb7da01
RelatedActivityId    : 
ContainerLog         : Security
MatchedQueryIds      : {}
Bookmark             : System.Diagnostics.Eventing.Reader.EventBookmark
LevelDisplayName     : Information
OpcodeDisplayName    : Info
TaskDisplayName      : Logon
KeywordsDisplayNames : {Audit Failure}
Properties           : {System.Diagnostics.Eventing.Reader.EventProperty, 
                       System.Diagnostics.Eventing.Reader.EventProperty, 
                       System.Diagnostics.Eventing.Reader.EventProperty, 
                       System.Diagnostics.Eventing.Reader.EventProperty...}









Message              : An account was logged off.
                       
                       Subject:
                       	Security ID:		S-1-5-21-3006092012-1088155439-3030358282-1001
                       	Account Name:		aniru
                       	Account Domain:		GHOST
                       	Logon ID:		0xC60ED7E
                       
                       Logon Type:			7
                       
                       This event is generated when a logon session is destroyed. It may be positively correlated with 
                       a logon event using the Logon ID value. Logon IDs are only unique between reboots on the same 
                       computer.
Id                   : 4634
Version              : 0
Qualifiers           : 
Level                : 0
Task                 : 12545
Opcode               : 0
Keywords             : -9214364837600034816
RecordId             : 1492541
ProviderName         : Microsoft-Windows-Security-Auditing
ProviderId           : 54849625-5478-4994-a5ba-3e3b0328c30d
LogName              : Security
ProcessId            : 1368
ThreadId             : 4568
MachineName          : Ghost
UserId               : 
TimeCreated          : 07-06-2024 12.13.58 AM
ActivityId           : 
RelatedActivityId    : 
ContainerLog         : Security
MatchedQueryIds      : {}
Bookmark             : System.Diagnostics.Eventing.Reader.EventBookmark
LevelDisplayName     : Information
OpcodeDisplayName    : Info
TaskDisplayName      : Logoff
KeywordsDisplayNames : {Audit Success}
Properties           : {System.Diagnostics.Eventing.Reader.EventProperty, 
                       System.Diagnostics.Eventing.Reader.EventProperty, 
                       System.Diagnostics.Eventing.Reader.EventProperty, 
                       System.Diagnostics.Eventing.Reader.EventProperty...}









Message              : An account was logged off.
                       
                       Subject:
                       	Security ID:		S-1-5-21-3006092012-1088155439-3030358282-1001
                       	Account Name:		aniru
                       	Account Domain:		GHOST
                       	Logon ID:		0xC60ED7E
                       
                       Logon Type:			7
                       
                       This event is generated when a logon session is destroyed. It may be positively correlated with 
                       a logon event using the Logon ID value. Logon IDs are only unique between reboots on the same 
                       computer.
Id                   : 4634
Version              : 0
Qualifiers           : 
Level                : 0
Task                 : 12545
Opcode               : 0
Keywords             : -9214364837600034816
RecordId             : 1492541
ProviderName         : Microsoft-Windows-Security-Auditing
ProviderId           : 54849625-5478-4994-a5ba-3e3b0328c30d
LogName              : Security
ProcessId            : 1368
ThreadId             : 4568
MachineName          : Ghost
UserId               : 
TimeCreated          : 07-06-2024 12.13.58 AM
ActivityId           : 
RelatedActivityId    : 
ContainerLog         : Security
MatchedQueryIds      : {}
Bookmark             : System.Diagnostics.Eventing.Reader.EventBookmark
LevelDisplayName     : Information
OpcodeDisplayName    : Info
TaskDisplayName      : Logoff
KeywordsDisplayNames : {Audit Success}
Properties           : {System.Diagnostics.Eventing.Reader.EventProperty, 
                       System.Diagnostics.Eventing.Reader.EventProperty, 
                       System.Diagnostics.Eventing.Reader.EventProperty, 
                       System.Diagnostics.Eventing.Reader.EventProperty...}









Message              : Code integrity determined that the image hash of a file is not valid.  The file could be 
                       corrupt due to unauthorized modification or the invalid hash could indicate a potential disk 
                       device error.
                       
                       File Name:	\Device\HarddiskVolume3\Windows\System32\guard64.dll	
Id                   : 5038
Version              : 0
Qualifiers           : 
Level                : 0
Task                 : 12290
Opcode               : 0
Keywords             : -9218868437227405312
RecordId             : 1492593
ProviderName         : Microsoft-Windows-Security-Auditing
ProviderId           : 54849625-5478-4994-a5ba-3e3b0328c30d
LogName              : Security
ProcessId            : 4
ThreadId             : 24108
MachineName          : Ghost
UserId               : 
TimeCreated          : 07-06-2024 12.24.36 AM
ActivityId           : 
RelatedActivityId    : 
ContainerLog         : Security
MatchedQueryIds      : {}
Bookmark             : System.Diagnostics.Eventing.Reader.EventBookmark
LevelDisplayName     : Information
OpcodeDisplayName    : Info
TaskDisplayName      : System Integrity
KeywordsDisplayNames : {Audit Failure}
Properties           : {System.Diagnostics.Eventing.Reader.EventProperty}









Message              : Code integrity determined that the image hash of a file is not valid.  The file could be 
                       corrupt due to unauthorized modification or the invalid hash could indicate a potential disk 
                       device error.
                       
                       File Name:	\Device\HarddiskVolume3\Windows\System32\guard64.dll	
Id                   : 5038
Version              : 0
Qualifiers           : 
Level                : 0
Task                 : 12290
Opcode               : 0
Keywords             : -9218868437227405312
RecordId             : 1492593
ProviderName         : Microsoft-Windows-Security-Auditing
ProviderId           : 54849625-5478-4994-a5ba-3e3b0328c30d
LogName              : Security
ProcessId            : 4
ThreadId             : 24108
MachineName          : Ghost
UserId               : 
TimeCreated          : 07-06-2024 12.24.36 AM
ActivityId           : 
RelatedActivityId    : 
ContainerLog         : Security
MatchedQueryIds      : {}
Bookmark             : System.Diagnostics.Eventing.Reader.EventBookmark
LevelDisplayName     : Information
OpcodeDisplayName    : Info
TaskDisplayName      : System Integrity
KeywordsDisplayNames : {Audit Failure}
Properties           : {System.Diagnostics.Eventing.Reader.EventProperty}









Message              : Code integrity determined that the image hash of a file is not valid.  The file could be 
                       corrupt due to unauthorized modification or the invalid hash could indicate a potential disk 
                       device error.
                       
                       File Name:	\Device\HarddiskVolume3\Windows\System32\guard64.dll	
Id                   : 5038
Version              : 0
Qualifiers           : 
Level                : 0
Task                 : 12290
Opcode               : 0
Keywords             : -9218868437227405312
RecordId             : 1492593
ProviderName         : Microsoft-Windows-Security-Auditing
ProviderId           : 54849625-5478-4994-a5ba-3e3b0328c30d
LogName              : Security
ProcessId            : 4
ThreadId             : 24108
MachineName          : Ghost
UserId               : 
TimeCreated          : 07-06-2024 12.24.36 AM
ActivityId           : 
RelatedActivityId    : 
ContainerLog         : Security
MatchedQueryIds      : {}
Bookmark             : System.Diagnostics.Eventing.Reader.EventBookmark
LevelDisplayName     : Information
OpcodeDisplayName    : Info
TaskDisplayName      : System Integrity
KeywordsDisplayNames : {Audit Failure}
Properties           : {System.Diagnostics.Eventing.Reader.EventProperty}









Message              : Special privileges assigned to new logon.
                       
                       Subject:
                       	Security ID:		S-1-5-18
                       	Account Name:		SYSTEM
                       	Account Domain:		NT AUTHORITY
                       	Logon ID:		0x3E7
                       
                       Privileges:		SeAssignPrimaryTokenPrivilege
                       			SeTcbPrivilege
                       			SeSecurityPrivilege
                       			SeTakeOwnershipPrivilege
                       			SeLoadDriverPrivilege
                       			SeBackupPrivilege
                       			SeRestorePrivilege
                       			SeDebugPrivilege
                       			SeAuditPrivilege
                       			SeSystemEnvironmentPrivilege
                       			SeImpersonatePrivilege
                       			SeDelegateSessionUserImpersonatePrivilege
Id                   : 4672
Version              : 0
Qualifiers           : 
Level                : 0
Task                 : 12548
Opcode               : 0
Keywords             : -9214364837600034816
RecordId             : 1492595
ProviderName         : Microsoft-Windows-Security-Auditing
ProviderId           : 54849625-5478-4994-a5ba-3e3b0328c30d
LogName              : Security
ProcessId            : 1368
ThreadId             : 3920
MachineName          : Ghost
UserId               : 
TimeCreated          : 07-06-2024 12.24.59 AM
ActivityId           : 29cb2356-b74e-0006-bb23-cb294eb7da01
RelatedActivityId    : 
ContainerLog         : Security
MatchedQueryIds      : {}
Bookmark             : System.Diagnostics.Eventing.Reader.EventBookmark
LevelDisplayName     : Information
OpcodeDisplayName    : Info
TaskDisplayName      : Special Logon
KeywordsDisplayNames : {Audit Success}
Properties           : {System.Diagnostics.Eventing.Reader.EventProperty, 
                       System.Diagnostics.Eventing.Reader.EventProperty, 
                       System.Diagnostics.Eventing.Reader.EventProperty, 
                       System.Diagnostics.Eventing.Reader.EventProperty...}









Message              : A user's local group membership was enumerated.
                       
                       Subject:
                       	Security ID:		S-1-5-18
                       	Account Name:		GHOST$
                       	Account Domain:		WORKGROUP
                       	Logon ID:		0x3E7
                       
                       User:
                       	Security ID:		S-1-5-21-3006092012-1088155439-3030358282-1001
                       	Account Name:		aniru
                       	Account Domain:		GHOST
                       
                       Process Information:
                       	Process ID:		0x4c24
                       	Process Name:		C:\Windows\System32\LogonUI.exe
Id                   : 4798
Version              : 0
Qualifiers           : 
Level                : 0
Task                 : 13824
Opcode               : 0
Keywords             : -9214364837600034816
RecordId             : 1492596
ProviderName         : Microsoft-Windows-Security-Auditing
ProviderId           : 54849625-5478-4994-a5ba-3e3b0328c30d
LogName              : Security
ProcessId            : 1368
ThreadId             : 4568
MachineName          : Ghost
UserId               : 
TimeCreated          : 07-06-2024 12.25.01 AM
ActivityId           : 29cb2356-b74e-0006-bb23-cb294eb7da01
RelatedActivityId    : 
ContainerLog         : Security
MatchedQueryIds      : {}
Bookmark             : System.Diagnostics.Eventing.Reader.EventBookmark
LevelDisplayName     : Information
OpcodeDisplayName    : Info
TaskDisplayName      : User Account Management
KeywordsDisplayNames : {Audit Success}
Properties           : {System.Diagnostics.Eventing.Reader.EventProperty, 
                       System.Diagnostics.Eventing.Reader.EventProperty, 
                       System.Diagnostics.Eventing.Reader.EventProperty, 
                       System.Diagnostics.Eventing.Reader.EventProperty...}









Message              : A user's local group membership was enumerated.
                       
                       Subject:
                       	Security ID:		S-1-5-18
                       	Account Name:		GHOST$
                       	Account Domain:		WORKGROUP
                       	Logon ID:		0x3E7
                       
                       User:
                       	Security ID:		S-1-5-21-3006092012-1088155439-3030358282-1001
                       	Account Name:		aniru
                       	Account Domain:		GHOST
                       
                       Process Information:
                       	Process ID:		0x4c24
                       	Process Name:		C:\Windows\System32\LogonUI.exe
Id                   : 4798
Version              : 0
Qualifiers           : 
Level                : 0
Task                 : 13824
Opcode               : 0
Keywords             : -9214364837600034816
RecordId             : 1492596
ProviderName         : Microsoft-Windows-Security-Auditing
ProviderId           : 54849625-5478-4994-a5ba-3e3b0328c30d
LogName              : Security
ProcessId            : 1368
ThreadId             : 4568
MachineName          : Ghost
UserId               : 
TimeCreated          : 07-06-2024 12.25.01 AM
ActivityId           : 29cb2356-b74e-0006-bb23-cb294eb7da01
RelatedActivityId    : 
ContainerLog         : Security
MatchedQueryIds      : {}
Bookmark             : System.Diagnostics.Eventing.Reader.EventBookmark
LevelDisplayName     : Information
OpcodeDisplayName    : Info
TaskDisplayName      : User Account Management
KeywordsDisplayNames : {Audit Success}
Properties           : {System.Diagnostics.Eventing.Reader.EventProperty, 
                       System.Diagnostics.Eventing.Reader.EventProperty, 
                       System.Diagnostics.Eventing.Reader.EventProperty, 
                       System.Diagnostics.Eventing.Reader.EventProperty...}









Message              : A user's local group membership was enumerated.
                       
                       Subject:
                       	Security ID:		S-1-5-18
                       	Account Name:		GHOST$
                       	Account Domain:		WORKGROUP
                       	Logon ID:		0x3E7
                       
                       User:
                       	Security ID:		S-1-5-21-3006092012-1088155439-3030358282-1001
                       	Account Name:		aniru
                       	Account Domain:		GHOST
                       
                       Process Information:
                       	Process ID:		0x4c24
                       	Process Name:		C:\Windows\System32\LogonUI.exe
Id                   : 4798
Version              : 0
Qualifiers           : 
Level                : 0
Task                 : 13824
Opcode               : 0
Keywords             : -9214364837600034816
RecordId             : 1492596
ProviderName         : Microsoft-Windows-Security-Auditing
ProviderId           : 54849625-5478-4994-a5ba-3e3b0328c30d
LogName              : Security
ProcessId            : 1368
ThreadId             : 4568
MachineName          : Ghost
UserId               : 
TimeCreated          : 07-06-2024 12.25.01 AM
ActivityId           : 29cb2356-b74e-0006-bb23-cb294eb7da01
RelatedActivityId    : 
ContainerLog         : Security
MatchedQueryIds      : {}
Bookmark             : System.Diagnostics.Eventing.Reader.EventBookmark
LevelDisplayName     : Information
OpcodeDisplayName    : Info
TaskDisplayName      : User Account Management
KeywordsDisplayNames : {Audit Success}
Properties           : {System.Diagnostics.Eventing.Reader.EventProperty, 
                       System.Diagnostics.Eventing.Reader.EventProperty, 
                       System.Diagnostics.Eventing.Reader.EventProperty, 
                       System.Diagnostics.Eventing.Reader.EventProperty...}









Message              : An account failed to log on.
                       
                       Subject:
                       	Security ID:		S-1-5-18
                       	Account Name:		GHOST$
                       	Account Domain:		WORKGROUP
                       	Logon ID:		0x3E7
                       
                       Logon Type:			2
                       
                       Account For Which Logon Failed:
                       	Security ID:		S-1-0-0
                       	Account Name:		-
                       	Account Domain:		-
                       
                       Failure Information:
                       	Failure Reason:		An Error occured during Logon.
                       	Status:			0xC000006D
                       	Sub Status:		0xC0000380
                       
                       Process Information:
                       	Caller Process ID:	0x8c8
                       	Caller Process Name:	C:\Windows\System32\svchost.exe
                       
                       Network Information:
                       	Workstation Name:	-
                       	Source Network Address:	127.0.0.1
                       	Source Port:		0
                       
                       Detailed Authentication Information:
                       	Logon Process:		User32 
                       	Authentication Package:	Negotiate
                       	Transited Services:	-
                       	Package Name (NTLM only):	-
                       	Key Length:		0
                       
                       This event is generated when a logon request fails. It is generated on the computer where 
                       access was attempted.
                       
                       The Subject fields indicate the account on the local system which requested the logon. This is 
                       most commonly a service such as the Server service, or a local process such as Winlogon.exe or 
                       Services.exe.
                       
                       The Logon Type field indicates the kind of logon that was requested. The most common types are 
                       2 (interactive) and 3 (network).
                       
                       The Process Information fields indicate which account and process on the system requested the 
                       logon.
                       
                       The Network Information fields indicate where a remote logon request originated. Workstation 
                       name is not always available and may be left blank in some cases.
                       
                       The authentication information fields provide detailed information about this specific logon 
                       request.
                       	- Transited services indicate which intermediate services have participated in this logon 
                       request.
                       	- Package name indicates which sub-protocol was used among the NTLM protocols.
                       	- Key length indicates the length of the generated session key. This will be 0 if no session 
                       key was requested.
Id                   : 4625
Version              : 0
Qualifiers           : 
Level                : 0
Task                 : 12544
Opcode               : 0
Keywords             : -9218868437227405312
RecordId             : 1492599
ProviderName         : Microsoft-Windows-Security-Auditing
ProviderId           : 54849625-5478-4994-a5ba-3e3b0328c30d
LogName              : Security
ProcessId            : 1368
ThreadId             : 3920
MachineName          : Ghost
UserId               : 
TimeCreated          : 07-06-2024 12.25.04 AM
ActivityId           : 29cb2356-b74e-0006-bb23-cb294eb7da01
RelatedActivityId    : 
ContainerLog         : Security
MatchedQueryIds      : {}
Bookmark             : System.Diagnostics.Eventing.Reader.EventBookmark
LevelDisplayName     : Information
OpcodeDisplayName    : Info
TaskDisplayName      : Logon
KeywordsDisplayNames : {Audit Failure}
Properties           : {System.Diagnostics.Eventing.Reader.EventProperty, 
                       System.Diagnostics.Eventing.Reader.EventProperty, 
                       System.Diagnostics.Eventing.Reader.EventProperty, 
                       System.Diagnostics.Eventing.Reader.EventProperty...}









Message              : Code integrity determined that the image hash of a file is not valid.  The file could be 
                       corrupt due to unauthorized modification or the invalid hash could indicate a potential disk 
                       device error.
                       
                       File Name:	\Device\HarddiskVolume3\Windows\System32\guard64.dll	
Id                   : 5038
Version              : 0
Qualifiers           : 
Level                : 0
Task                 : 12290
Opcode               : 0
Keywords             : -9218868437227405312
RecordId             : 1492623
ProviderName         : Microsoft-Windows-Security-Auditing
ProviderId           : 54849625-5478-4994-a5ba-3e3b0328c30d
LogName              : Security
ProcessId            : 4
ThreadId             : 21056
MachineName          : Ghost
UserId               : 
TimeCreated          : 07-06-2024 12.25.23 AM
ActivityId           : 
RelatedActivityId    : 
ContainerLog         : Security
MatchedQueryIds      : {}
Bookmark             : System.Diagnostics.Eventing.Reader.EventBookmark
LevelDisplayName     : Information
OpcodeDisplayName    : Info
TaskDisplayName      : System Integrity
KeywordsDisplayNames : {Audit Failure}
Properties           : {System.Diagnostics.Eventing.Reader.EventProperty}









Message              : Code integrity determined that the image hash of a file is not valid.  The file could be 
                       corrupt due to unauthorized modification or the invalid hash could indicate a potential disk 
                       device error.
                       
                       File Name:	\Device\HarddiskVolume3\Windows\System32\guard64.dll	
Id                   : 5038
Version              : 0
Qualifiers           : 
Level                : 0
Task                 : 12290
Opcode               : 0
Keywords             : -9218868437227405312
RecordId             : 1492623
ProviderName         : Microsoft-Windows-Security-Auditing
ProviderId           : 54849625-5478-4994-a5ba-3e3b0328c30d
LogName              : Security
ProcessId            : 4
ThreadId             : 21056
MachineName          : Ghost
UserId               : 
TimeCreated          : 07-06-2024 12.25.23 AM
ActivityId           : 
RelatedActivityId    : 
ContainerLog         : Security
MatchedQueryIds      : {}
Bookmark             : System.Diagnostics.Eventing.Reader.EventBookmark
LevelDisplayName     : Information
OpcodeDisplayName    : Info
TaskDisplayName      : System Integrity
KeywordsDisplayNames : {Audit Failure}
Properties           : {System.Diagnostics.Eventing.Reader.EventProperty}









Message              : Code integrity determined that the image hash of a file is not valid.  The file could be 
                       corrupt due to unauthorized modification or the invalid hash could indicate a potential disk 
                       device error.
                       
                       File Name:	\Device\HarddiskVolume3\Windows\System32\guard64.dll	
Id                   : 5038
Version              : 0
Qualifiers           : 
Level                : 0
Task                 : 12290
Opcode               : 0
Keywords             : -9218868437227405312
RecordId             : 1492623
ProviderName         : Microsoft-Windows-Security-Auditing
ProviderId           : 54849625-5478-4994-a5ba-3e3b0328c30d
LogName              : Security
ProcessId            : 4
ThreadId             : 21056
MachineName          : Ghost
UserId               : 
TimeCreated          : 07-06-2024 12.25.23 AM
ActivityId           : 
RelatedActivityId    : 
ContainerLog         : Security
MatchedQueryIds      : {}
Bookmark             : System.Diagnostics.Eventing.Reader.EventBookmark
LevelDisplayName     : Information
OpcodeDisplayName    : Info
TaskDisplayName      : System Integrity
KeywordsDisplayNames : {Audit Failure}
Properties           : {System.Diagnostics.Eventing.Reader.EventProperty}









Message              : Code integrity determined that the image hash of a file is not valid.  The file could be 
                       corrupt due to unauthorized modification or the invalid hash could indicate a potential disk 
                       device error.
                       
                       File Name:	\Device\HarddiskVolume3\Windows\System32\guard64.dll	
Id                   : 5038
Version              : 0
Qualifiers           : 
Level                : 0
Task                 : 12290
Opcode               : 0
Keywords             : -9218868437227405312
RecordId             : 1492623
ProviderName         : Microsoft-Windows-Security-Auditing
ProviderId           : 54849625-5478-4994-a5ba-3e3b0328c30d
LogName              : Security
ProcessId            : 4
ThreadId             : 21056
MachineName          : Ghost
UserId               : 
TimeCreated          : 07-06-2024 12.25.23 AM
ActivityId           : 
RelatedActivityId    : 
ContainerLog         : Security
MatchedQueryIds      : {}
Bookmark             : System.Diagnostics.Eventing.Reader.EventBookmark
LevelDisplayName     : Information
OpcodeDisplayName    : Info
TaskDisplayName      : System Integrity
KeywordsDisplayNames : {Audit Failure}
Properties           : {System.Diagnostics.Eventing.Reader.EventProperty}









Message              : Code integrity determined that the image hash of a file is not valid.  The file could be 
                       corrupt due to unauthorized modification or the invalid hash could indicate a potential disk 
                       device error.
                       
                       File Name:	\Device\HarddiskVolume3\Windows\System32\guard64.dll	
Id                   : 5038
Version              : 0
Qualifiers           : 
Level                : 0
Task                 : 12290
Opcode               : 0
Keywords             : -9218868437227405312
RecordId             : 1492623
ProviderName         : Microsoft-Windows-Security-Auditing
ProviderId           : 54849625-5478-4994-a5ba-3e3b0328c30d
LogName              : Security
ProcessId            : 4
ThreadId             : 21056
MachineName          : Ghost
UserId               : 
TimeCreated          : 07-06-2024 12.25.23 AM
ActivityId           : 
RelatedActivityId    : 
ContainerLog         : Security
MatchedQueryIds      : {}
Bookmark             : System.Diagnostics.Eventing.Reader.EventBookmark
LevelDisplayName     : Information
OpcodeDisplayName    : Info
TaskDisplayName      : System Integrity
KeywordsDisplayNames : {Audit Failure}
Properties           : {System.Diagnostics.Eventing.Reader.EventProperty}









Message              : Code integrity determined that the image hash of a file is not valid.  The file could be 
                       corrupt due to unauthorized modification or the invalid hash could indicate a potential disk 
                       device error.
                       
                       File Name:	\Device\HarddiskVolume3\Windows\System32\guard64.dll	
Id                   : 5038
Version              : 0
Qualifiers           : 
Level                : 0
Task                 : 12290
Opcode               : 0
Keywords             : -9218868437227405312
RecordId             : 1492623
ProviderName         : Microsoft-Windows-Security-Auditing
ProviderId           : 54849625-5478-4994-a5ba-3e3b0328c30d
LogName              : Security
ProcessId            : 4
ThreadId             : 21056
MachineName          : Ghost
UserId               : 
TimeCreated          : 07-06-2024 12.25.23 AM
ActivityId           : 
RelatedActivityId    : 
ContainerLog         : Security
MatchedQueryIds      : {}
Bookmark             : System.Diagnostics.Eventing.Reader.EventBookmark
LevelDisplayName     : Information
OpcodeDisplayName    : Info
TaskDisplayName      : System Integrity
KeywordsDisplayNames : {Audit Failure}
Properties           : {System.Diagnostics.Eventing.Reader.EventProperty}









