Message              : Code integrity determined that the image hash of a file is not valid.  The file could be 
                       corrupt due to unauthorized modification or the invalid hash could indicate a potential disk 
                       device error.
                       
                       File Name:	\Device\HarddiskVolume3\Windows\System32\guard64.dll	
Id                   : 5038
Version              : 0
Qualifiers           : 
Level                : 0
Task                 : 12290
Opcode               : 0
Keywords             : -9218868437227405312
RecordId             : 1492900
ProviderName         : Microsoft-Windows-Security-Auditing
ProviderId           : 54849625-5478-4994-a5ba-3e3b0328c30d
LogName              : Security
ProcessId            : 4
ThreadId             : 3012
MachineName          : Ghost
UserId               : 
TimeCreated          : 07-06-2024 12.37.47 AM
ActivityId           : 
RelatedActivityId    : 
ContainerLog         : Security
MatchedQueryIds      : {}
Bookmark             : System.Diagnostics.Eventing.Reader.EventBookmark
LevelDisplayName     : Information
OpcodeDisplayName    : Info
TaskDisplayName      : System Integrity
KeywordsDisplayNames : {Audit Failure}
Properties           : {System.Diagnostics.Eventing.Reader.EventProperty}









Message              : Code integrity determined that the image hash of a file is not valid.  The file could be 
                       corrupt due to unauthorized modification or the invalid hash could indicate a potential disk 
                       device error.
                       
                       File Name:	\Device\HarddiskVolume3\Windows\System32\guard64.dll	
Id                   : 5038
Version              : 0
Qualifiers           : 
Level                : 0
Task                 : 12290
Opcode               : 0
Keywords             : -9218868437227405312
RecordId             : 1492900
ProviderName         : Microsoft-Windows-Security-Auditing
ProviderId           : 54849625-5478-4994-a5ba-3e3b0328c30d
LogName              : Security
ProcessId            : 4
ThreadId             : 3012
MachineName          : Ghost
UserId               : 
TimeCreated          : 07-06-2024 12.37.47 AM
ActivityId           : 
RelatedActivityId    : 
ContainerLog         : Security
MatchedQueryIds      : {}
Bookmark             : System.Diagnostics.Eventing.Reader.EventBookmark
LevelDisplayName     : Information
OpcodeDisplayName    : Info
TaskDisplayName      : System Integrity
KeywordsDisplayNames : {Audit Failure}
Properties           : {System.Diagnostics.Eventing.Reader.EventProperty}









Message              : Code integrity determined that the image hash of a file is not valid.  The file could be 
                       corrupt due to unauthorized modification or the invalid hash could indicate a potential disk 
                       device error.
                       
                       File Name:	\Device\HarddiskVolume3\Windows\System32\guard64.dll	
Id                   : 5038
Version              : 0
Qualifiers           : 
Level                : 0
Task                 : 12290
Opcode               : 0
Keywords             : -9218868437227405312
RecordId             : 1492900
ProviderName         : Microsoft-Windows-Security-Auditing
ProviderId           : 54849625-5478-4994-a5ba-3e3b0328c30d
LogName              : Security
ProcessId            : 4
ThreadId             : 3012
MachineName          : Ghost
UserId               : 
TimeCreated          : 07-06-2024 12.37.47 AM
ActivityId           : 
RelatedActivityId    : 
ContainerLog         : Security
MatchedQueryIds      : {}
Bookmark             : System.Diagnostics.Eventing.Reader.EventBookmark
LevelDisplayName     : Information
OpcodeDisplayName    : Info
TaskDisplayName      : System Integrity
KeywordsDisplayNames : {Audit Failure}
Properties           : {System.Diagnostics.Eventing.Reader.EventProperty}









Message              : Code integrity determined that the image hash of a file is not valid.  The file could be 
                       corrupt due to unauthorized modification or the invalid hash could indicate a potential disk 
                       device error.
                       
                       File Name:	\Device\HarddiskVolume3\Windows\System32\guard64.dll	
Id                   : 5038
Version              : 0
Qualifiers           : 
Level                : 0
Task                 : 12290
Opcode               : 0
Keywords             : -9218868437227405312
RecordId             : 1492900
ProviderName         : Microsoft-Windows-Security-Auditing
ProviderId           : 54849625-5478-4994-a5ba-3e3b0328c30d
LogName              : Security
ProcessId            : 4
ThreadId             : 3012
MachineName          : Ghost
UserId               : 
TimeCreated          : 07-06-2024 12.37.47 AM
ActivityId           : 
RelatedActivityId    : 
ContainerLog         : Security
MatchedQueryIds      : {}
Bookmark             : System.Diagnostics.Eventing.Reader.EventBookmark
LevelDisplayName     : Information
OpcodeDisplayName    : Info
TaskDisplayName      : System Integrity
KeywordsDisplayNames : {Audit Failure}
Properties           : {System.Diagnostics.Eventing.Reader.EventProperty}









Message              : Code integrity determined that the image hash of a file is not valid.  The file could be 
                       corrupt due to unauthorized modification or the invalid hash could indicate a potential disk 
                       device error.
                       
                       File Name:	\Device\HarddiskVolume3\Windows\System32\guard64.dll	
Id                   : 5038
Version              : 0
Qualifiers           : 
Level                : 0
Task                 : 12290
Opcode               : 0
Keywords             : -9218868437227405312
RecordId             : 1492900
ProviderName         : Microsoft-Windows-Security-Auditing
ProviderId           : 54849625-5478-4994-a5ba-3e3b0328c30d
LogName              : Security
ProcessId            : 4
ThreadId             : 3012
MachineName          : Ghost
UserId               : 
TimeCreated          : 07-06-2024 12.37.47 AM
ActivityId           : 
RelatedActivityId    : 
ContainerLog         : Security
MatchedQueryIds      : {}
Bookmark             : System.Diagnostics.Eventing.Reader.EventBookmark
LevelDisplayName     : Information
OpcodeDisplayName    : Info
TaskDisplayName      : System Integrity
KeywordsDisplayNames : {Audit Failure}
Properties           : {System.Diagnostics.Eventing.Reader.EventProperty}









Message              : Code integrity determined that the image hash of a file is not valid.  The file could be 
                       corrupt due to unauthorized modification or the invalid hash could indicate a potential disk 
                       device error.
                       
                       File Name:	\Device\HarddiskVolume3\Windows\System32\guard64.dll	
Id                   : 5038
Version              : 0
Qualifiers           : 
Level                : 0
Task                 : 12290
Opcode               : 0
Keywords             : -9218868437227405312
RecordId             : 1492900
ProviderName         : Microsoft-Windows-Security-Auditing
ProviderId           : 54849625-5478-4994-a5ba-3e3b0328c30d
LogName              : Security
ProcessId            : 4
ThreadId             : 3012
MachineName          : Ghost
UserId               : 
TimeCreated          : 07-06-2024 12.37.47 AM
ActivityId           : 
RelatedActivityId    : 
ContainerLog         : Security
MatchedQueryIds      : {}
Bookmark             : System.Diagnostics.Eventing.Reader.EventBookmark
LevelDisplayName     : Information
OpcodeDisplayName    : Info
TaskDisplayName      : System Integrity
KeywordsDisplayNames : {Audit Failure}
Properties           : {System.Diagnostics.Eventing.Reader.EventProperty}









Message              : Code integrity determined that the image hash of a file is not valid.  The file could be 
                       corrupt due to unauthorized modification or the invalid hash could indicate a potential disk 
                       device error.
                       
                       File Name:	\Device\HarddiskVolume3\Windows\System32\guard64.dll	
Id                   : 5038
Version              : 0
Qualifiers           : 
Level                : 0
Task                 : 12290
Opcode               : 0
Keywords             : -9218868437227405312
RecordId             : 1492900
ProviderName         : Microsoft-Windows-Security-Auditing
ProviderId           : 54849625-5478-4994-a5ba-3e3b0328c30d
LogName              : Security
ProcessId            : 4
ThreadId             : 3012
MachineName          : Ghost
UserId               : 
TimeCreated          : 07-06-2024 12.37.47 AM
ActivityId           : 
RelatedActivityId    : 
ContainerLog         : Security
MatchedQueryIds      : {}
Bookmark             : System.Diagnostics.Eventing.Reader.EventBookmark
LevelDisplayName     : Information
OpcodeDisplayName    : Info
TaskDisplayName      : System Integrity
KeywordsDisplayNames : {Audit Failure}
Properties           : {System.Diagnostics.Eventing.Reader.EventProperty}









Message              : Code integrity determined that the image hash of a file is not valid.  The file could be 
                       corrupt due to unauthorized modification or the invalid hash could indicate a potential disk 
                       device error.
                       
                       File Name:	\Device\HarddiskVolume3\Windows\System32\guard64.dll	
Id                   : 5038
Version              : 0
Qualifiers           : 
Level                : 0
Task                 : 12290
Opcode               : 0
Keywords             : -9218868437227405312
RecordId             : 1492900
ProviderName         : Microsoft-Windows-Security-Auditing
ProviderId           : 54849625-5478-4994-a5ba-3e3b0328c30d
LogName              : Security
ProcessId            : 4
ThreadId             : 3012
MachineName          : Ghost
UserId               : 
TimeCreated          : 07-06-2024 12.37.47 AM
ActivityId           : 
RelatedActivityId    : 
ContainerLog         : Security
MatchedQueryIds      : {}
Bookmark             : System.Diagnostics.Eventing.Reader.EventBookmark
LevelDisplayName     : Information
OpcodeDisplayName    : Info
TaskDisplayName      : System Integrity
KeywordsDisplayNames : {Audit Failure}
Properties           : {System.Diagnostics.Eventing.Reader.EventProperty}









Message              : Code integrity determined that the image hash of a file is not valid.  The file could be 
                       corrupt due to unauthorized modification or the invalid hash could indicate a potential disk 
                       device error.
                       
                       File Name:	\Device\HarddiskVolume3\Windows\System32\guard64.dll	
Id                   : 5038
Version              : 0
Qualifiers           : 
Level                : 0
Task                 : 12290
Opcode               : 0
Keywords             : -9218868437227405312
RecordId             : 1492900
ProviderName         : Microsoft-Windows-Security-Auditing
ProviderId           : 54849625-5478-4994-a5ba-3e3b0328c30d
LogName              : Security
ProcessId            : 4
ThreadId             : 3012
MachineName          : Ghost
UserId               : 
TimeCreated          : 07-06-2024 12.37.47 AM
ActivityId           : 
RelatedActivityId    : 
ContainerLog         : Security
MatchedQueryIds      : {}
Bookmark             : System.Diagnostics.Eventing.Reader.EventBookmark
LevelDisplayName     : Information
OpcodeDisplayName    : Info
TaskDisplayName      : System Integrity
KeywordsDisplayNames : {Audit Failure}
Properties           : {System.Diagnostics.Eventing.Reader.EventProperty}







